[2025-04-20T07:39:15.775Z] [ERROR] GET /api/books?sort=rating&limit=10 500 15ms
[2025-04-20T07:39:23.213Z] [ERROR] GET /api/books?page=1&limit=12&sort=rating&order=desc 500 9ms
[2025-04-20T07:39:27.659Z] [ERROR] GET /api/books?sort=rating&limit=10 500 15ms
[2025-04-20T07:39:27.660Z] [ERROR] GET /api/books?sort=rating&limit=10 500 15ms
[2025-04-20T07:39:29.711Z] [ERROR] GET /api/books?page=1&limit=12&sort=rating&order=desc 500 13ms
[2025-04-20T07:39:29.712Z] [ERROR] GET /api/books?page=1&limit=12&sort=rating&order=desc 500 17ms
[2025-04-20T07:40:07.398Z] [ERROR] GET /api/books?sort=rating&limit=10 500 10ms
[2025-04-20T07:40:09.316Z] [ERROR] GET /api/books?page=1&limit=12&sort=rating&order=desc 500 5ms
[2025-04-20T07:40:14.027Z] [ERROR] GET /api/books?page=1&limit=12&sort=title&order=asc 500 13ms
[2025-04-20T07:40:15.943Z] [ERROR] GET /api/books?page=1&limit=12&sort=author&order=asc 500 13ms
[2025-04-20T07:40:17.000Z] [ERROR] GET /api/books?page=1&limit=12&sort=rating&order=desc 500 18ms
[2025-04-20T07:40:19.248Z] [ERROR] GET /api/books?sort=rating&limit=10 500 27ms
[2025-04-20T07:40:19.249Z] [ERROR] GET /api/books?sort=rating&limit=10 500 29ms
[2025-04-20T07:40:21.222Z] [ERROR] GET /api/books?page=1&limit=12&sort=rating&order=desc 500 26ms
[2025-04-20T07:40:27.073Z] [ERROR] GET /api/books?sort=rating&limit=10 500 4ms
[2025-04-20T07:40:27.075Z] [ERROR] GET /api/books?sort=rating&limit=10 500 5ms
[2025-04-20T07:40:28.359Z] [ERROR] GET /api/books?page=1&limit=12&sort=rating&order=desc 500 16ms
[2025-04-20T07:40:28.359Z] [ERROR] GET /api/books?page=1&limit=12&sort=rating&order=desc 500 12ms
[2025-04-20T07:40:31.995Z] [ERROR] GET /api/books?page=1&limit=12&sort=rating&order=desc&search=ff 500 26ms
[2025-04-20T07:40:35.571Z] [ERROR] GET /api/books?page=1&limit=12&sort=rating&order=desc&search=ff 500 14ms
[2025-04-20T07:40:35.572Z] [ERROR] GET /api/books?page=1&limit=12&sort=rating&order=desc&search=ff 500 18ms
[2025-04-20T07:43:55.970Z] [ERROR] GET /api/books?page=1&limit=12&sort=rating&order=desc&search=ff 500 18ms
[2025-04-20T07:43:55.971Z] [ERROR] GET /api/books?page=1&limit=12&sort=rating&order=desc&search=ff 500 15ms
[2025-04-20T07:44:00.017Z] [ERROR] GET /api/books?page=1&limit=12&sort=title&order=asc&search=ff 500 12ms
[2025-04-20T07:44:01.978Z] [ERROR] GET /api/books?page=1&limit=12&sort=title&order=asc&search=ff 500 15ms
[2025-04-20T07:44:01.979Z] [ERROR] GET /api/books?page=1&limit=12&sort=title&order=asc&search=ff 500 19ms
[2025-04-20T07:46:56.162Z] [ERROR] GET /api/books?sort=rating&limit=10 500 2ms
[2025-04-20T07:46:56.164Z] [ERROR] GET /api/books?sort=rating&limit=10 500 3ms
[2025-04-21T05:57:45.736Z] [ERROR] GET /api/books?sort=rating&limit=10 500 17ms
[2025-04-21T05:59:16.032Z] [ERROR] GET /api/books?sort=rating&limit=10 500 8ms
[2025-04-21T09:22:21.554Z] [ERROR] GET /api/books?sort=rating&limit=10 500 54ms
[2025-04-21T09:34:40.014Z] [ERROR] GET /api/books?sort=rating&limit=10 500 14ms
[2025-04-21T09:34:40.014Z] [ERROR] GET /api/books?sort=rating&limit=10 500 15ms
[2025-04-22T07:41:40.712Z] [ERROR] GET /api/books?sort=rating&limit=10 500 22ms
[2025-04-22T07:41:43.628Z] [ERROR] GET /api/books?sort=rating&limit=10 500 11ms
[2025-04-22T07:41:43.629Z] [ERROR] GET /api/books?sort=rating&limit=10 500 13ms
[2025-04-22T07:42:41.336Z] [ERROR] GET /api/books?sort=rating&limit=10 500 22ms
[2025-04-22T07:42:41.337Z] [ERROR] GET /api/books?sort=rating&limit=10 500 22ms
[2025-04-22T07:42:49.819Z] [ERROR] GET /api/books?sort=rating&limit=10 500 3ms
[2025-04-22T07:42:56.167Z] [ERROR] GET /api/books?sort=rating&limit=10 500 3ms
[2025-04-22T07:42:56.168Z] [ERROR] GET /api/books?sort=rating&limit=10 500 3ms
[2025-04-22T07:43:10.313Z] [ERROR] GET /api/books?sort=rating&limit=10 500 2ms
[2025-04-22T07:43:10.314Z] [ERROR] GET /api/books?sort=rating&limit=10 500 2ms
